<?xml version="1.0" encoding="UTF-8"?>
<!-- Generated by org.testng.reporters.JUnitXMLReporter -->
<testsuite hostname="DESKTOP-OT8OU31" name="Default test" tests="8" failures="0" timestamp="16 May 2018 11:14:39 GMT" time="90.684" errors="0">
  <testcase name="HalfEbayRegTest" time="1.371" classname="com.datadriventest.HalfEbdayTest"/>
  <testcase name="HalfEbayRegTest" time="1.336" classname="com.datadriventest.HalfEbdayTest"/>
  <testcase name="HalfEbayRegTest" time="1.447" classname="com.datadriventest.HalfEbdayTest"/>
  <testcase name="HalfEbayRegTest" time="1.342" classname="com.datadriventest.HalfEbdayTest"/>
  <testcase name="HalfEbayRegTest" time="1.458" classname="com.datadriventest.HalfEbdayTest"/>
  <testcase name="HalfEbayRegTest" time="1.366" classname="com.datadriventest.HalfEbdayTest"/>
  <testcase name="HalfEbayRegTest" time="1.434" classname="com.datadriventest.HalfEbdayTest"/>
  <testcase name="HalfEbayRegTest" time="1.351" classname="com.datadriventest.HalfEbdayTest"/>
</testsuite> <!-- Default test -->
